1589146517 Key.ctrl_r
1589146518 '\x06'
1589146518 's'
1589146518 'e'
1589146518 'n'
1589146519 'd'
1589146519 'i'
1589146519 'n'
1589146519 'g'
1589146519 Key.space
1589146523 Key.backspace
1589146525 'r'
1589146525 'e'
1589146526 Key.backspace
1589146527 'e'
1589146527 'm'
1589146527 'o'
1589146528 'v'
1589146528 'i'
1589146528 'n'
1589146528 'g'
1589146528 Key.space
1589146530 'd'
1589146530 'e'
1589146530 'b'
1589146530 'u'
1589146531 'g'
1589146531 'g'
1589146531 'i'
1589146531 'n'
1589146531 'g'
1589146531 Key.space
1589146532 'r'
1589146533 Key.backspace
1589146533 't'
1589146533 'r'
1589146533 'a'
1589146534 's'
1589146534 'h'
